<?xml version="1.0" encoding="UTF-8"?>
<!-- Generated by org.testng.reporters.JUnitReportReporter -->
<testsuite skipped="0" hostname="DESKTOP-EUNFVH5" name="Contacts.ReadDataTest" tests="1" failures="0" timestamp="14 Mar 2022 10:55:30 GMT" time="0.012" errors="0">
  <testcase name="readDataTest" time="0.012" classname="Contacts.ReadDataTest"/>
</testsuite> <!-- Contacts.ReadDataTest -->
