<?xml version="1.0" encoding="UTF-8"?>
<!-- Generated by org.testng.reporters.JUnitReportReporter -->
<testsuite skipped="0" hostname="DESKTOP-EUNFVH5" name="Contacts.CreateContactTest" tests="1" failures="0" timestamp="15 Mar 2022 08:11:53 GMT" time="0.015" errors="0">
  <testcase name="createContactTest2" time="0.015" classname="Contacts.CreateContactTest"/>
</testsuite> <!-- Contacts.CreateContactTest -->
